<?xml version="1.0" encoding="UTF-8"?>
<!-- Generated by org.testng.reporters.JUnitXMLReporter -->
<testsuite ignored="2" hostname="Shawnas-MBP.lan" failures="1" tests="6" name="chromeTest" time="58.687" errors="0" timestamp="2026-06-05T14:03:06 CDT">
  <testcase classname="testCases.TC01_LaunchApplication" name="testLaunchApplication" time="0.287">
    <skipped/>
  </testcase> <!-- testLaunchApplication -->
  <testcase classname="testCases.TC01_LaunchApplication" name="testLaunchApplication" time="0.202">
    <skipped/>
  </testcase> <!-- testLaunchApplication -->
  <testcase classname="testCases.TC01_LaunchApplication" name="testLaunchApplication" time="0.194">
    <failure type="java.lang.AssertionError" message="Title mismatch! expected [Your store of fun] but found [Your Store]">
      <![CDATA[java.lang.AssertionError: Title mismatch! expected [Your store of fun] but found [Your Store]
at testCases.TC01_LaunchApplication.testLaunchApplication(TC01_LaunchApplication.java:33)
at java.base/java.util.ArrayList.forEach(ArrayList.java:1596)
at java.base/java.util.concurrent.FutureTask.run(FutureTask.java:317)
at java.base/java.util.concurrent.ThreadPoolExecutor.runWorker(ThreadPoolExecutor.java:1144)
at java.base/java.util.concurrent.ThreadPoolExecutor$Worker.run(ThreadPoolExecutor.java:642)
at java.base/java.lang.Thread.run(Thread.java:1583)
... Removed 20 stack frames]]>
    </failure>
  </testcase> <!-- testLaunchApplication -->
  <testcase classname="testCases.TC03_AddToCart" name="testAddToCart" time="4.595"/>
  <testcase classname="testCases.TC02_Login" name="testLogin" time="3.001"/>
  <testcase classname="testCases.TC04_CompletePurchase" name="testCompletePurchase" time="30.011"/>
  <testcase classname="testCases.TC05_AddToWishList" name="testAddToWishList" time="0.0">
    <ignored/>
  </testcase> <!-- testAddToWishList -->
  <testcase classname="testCases.TC06_AddAffiliate" name="testAddAffiliate" time="0.0">
    <ignored/>
  </testcase> <!-- testAddAffiliate -->
</testsuite> <!-- chromeTest -->
