<?xml version="1.0" encoding="UTF-8"?>
<!-- Generated by org.testng.reporters.JUnitXMLReporter -->
<testsuite ignored="2" hostname="Shawnas-MBP.lan" failures="2" tests="8" name="edgeTest" time="87.254" errors="0" timestamp="2026-06-05T14:03:34 CDT">
  <testcase classname="testCases.TC01_LaunchApplication" name="testLaunchApplication" time="0.305">
    <skipped/>
  </testcase> <!-- testLaunchApplication -->
  <testcase classname="testCases.TC01_LaunchApplication" name="testLaunchApplication" time="0.206">
    <skipped/>
  </testcase> <!-- testLaunchApplication -->
  <testcase classname="testCases.TC01_LaunchApplication" name="testLaunchApplication" time="0.23">
    <failure type="java.lang.AssertionError" message="Title mismatch! expected [Your store of fun] but found [Your Store]">
      <![CDATA[java.lang.AssertionError: Title mismatch! expected [Your store of fun] but found [Your Store]
at testCases.TC01_LaunchApplication.testLaunchApplication(TC01_LaunchApplication.java:33)
at java.base/java.util.ArrayList.forEach(ArrayList.java:1596)
at java.base/java.util.concurrent.FutureTask.run(FutureTask.java:317)
at java.base/java.util.concurrent.ThreadPoolExecutor.runWorker(ThreadPoolExecutor.java:1144)
at java.base/java.util.concurrent.ThreadPoolExecutor$Worker.run(ThreadPoolExecutor.java:642)
at java.base/java.lang.Thread.run(Thread.java:1583)
... Removed 20 stack frames]]>
    </failure>
  </testcase> <!-- testLaunchApplication -->
  <testcase classname="testCases.TC03_AddToCart" name="testAddToCart" time="5.15"/>
  <testcase classname="testCases.TC02_Login" name="testLogin" time="3.094"/>
  <testcase classname="testCases.TC04_CompletePurchase" name="testCompletePurchase" time="33.161">
    <skipped/>
  </testcase> <!-- testCompletePurchase -->
  <testcase classname="testCases.TC04_CompletePurchase" name="testCompletePurchase" time="14.627">
    <skipped/>
  </testcase> <!-- testCompletePurchase -->
  <testcase classname="testCases.TC04_CompletePurchase" name="testCompletePurchase" time="12.091">
    <failure type="java.lang.AssertionError" message="Test failed due to exception: element not interactable
  (Session info: MicrosoftEdge=148.0.3967.96)
Build info: version: &amp;apos;4.38.0&amp;apos;, revision: &amp;apos;6b412e825c*&amp;apos;
System info: os.name: &amp;apos;Mac OS X&amp;apos;, os.arch: &amp;apos;x86_64&amp;apos;, os.version: &amp;apos;14.6.1&amp;apos;, java.version: &amp;apos;21.0.11&amp;apos;
Driver info: org.openqa.selenium.edge.EdgeDriver
Command: [f2ecde302df3438f12ad4074a62dc3a3, clickElement {id=f.A56FE5408BC4E3F001C37E11FAD37F8E.d.80BA7A86C5D1B2D4C6EBA558F41FE806.e.630}]
Capabilities {acceptInsecureCerts: false, browserName: MicrosoftEdge, browserVersion: 148.0.3967.96, fedcm:accounts: true, goog:processID: 41334, ms:edgeOptions: {debuggerAddress: localhost:59285}, msedge: {msedgedriverVersion: 148.0.3967.96 (9df8cc82dba1..., userDataDir: /var/folders/cv/m4r0kzsj1vz...}, networkConnectionEnabled: false, pageLoadStrategy: normal, platformName: mac, proxy: Proxy(), se:cdp: ws://localhost:59285/devtoo..., se:cdpVersion: 148.0.3967.96, setWindowRect: true, strictFileInteractability: false, timeouts: {implicit: 0, pageLoad: 300000, script: 30000}, unhandledPromptBehavior: dismiss and notify, webauthn:extension:credBlob: true, webauthn:extension:largeBlob: true, webauthn:extension:minPinLength: true, webauthn:extension:prf: true, webauthn:virtualAuthenticators: true}
Element: [[EdgeDriver: MicrosoftEdge on mac (f2ecde302df3438f12ad4074a62dc3a3)] -&amp;gt; xpath: //a[normalize-space()=&amp;apos;HP LP3065&amp;apos;]]
Session ID: f2ecde302df3438f12ad4074a62dc3a3">
      <![CDATA[java.lang.AssertionError: Test failed due to exception: element not interactable
  (Session info: MicrosoftEdge=148.0.3967.96)
Build info: version: '4.38.0', revision: '6b412e825c*'
System info: os.name: 'Mac OS X', os.arch: 'x86_64', os.version: '14.6.1', java.version: '21.0.11'
Driver info: org.openqa.selenium.edge.EdgeDriver
Command: [f2ecde302df3438f12ad4074a62dc3a3, clickElement {id=f.A56FE5408BC4E3F001C37E11FAD37F8E.d.80BA7A86C5D1B2D4C6EBA558F41FE806.e.630}]
Capabilities {acceptInsecureCerts: false, browserName: MicrosoftEdge, browserVersion: 148.0.3967.96, fedcm:accounts: true, goog:processID: 41334, ms:edgeOptions: {debuggerAddress: localhost:59285}, msedge: {msedgedriverVersion: 148.0.3967.96 (9df8cc82dba1..., userDataDir: /var/folders/cv/m4r0kzsj1vz...}, networkConnectionEnabled: false, pageLoadStrategy: normal, platformName: mac, proxy: Proxy(), se:cdp: ws://localhost:59285/devtoo..., se:cdpVersion: 148.0.3967.96, setWindowRect: true, strictFileInteractability: false, timeouts: {implicit: 0, pageLoad: 300000, script: 30000}, unhandledPromptBehavior: dismiss and notify, webauthn:extension:credBlob: true, webauthn:extension:largeBlob: true, webauthn:extension:minPinLength: true, webauthn:extension:prf: true, webauthn:virtualAuthenticators: true}
Element: [[EdgeDriver: MicrosoftEdge on mac (f2ecde302df3438f12ad4074a62dc3a3)] -> xpath: //a[normalize-space()='HP LP3065']]
Session ID: f2ecde302df3438f12ad4074a62dc3a3
at testCases.TC04_CompletePurchase.testCompletePurchase(TC04_CompletePurchase.java:100)
at java.base/java.util.ArrayList.forEach(ArrayList.java:1596)
at java.base/java.util.concurrent.FutureTask.run(FutureTask.java:317)
at java.base/java.util.concurrent.ThreadPoolExecutor.runWorker(ThreadPoolExecutor.java:1144)
at java.base/java.util.concurrent.ThreadPoolExecutor$Worker.run(ThreadPoolExecutor.java:642)
at java.base/java.lang.Thread.run(Thread.java:1583)
... Removed 16 stack frames]]>
    </failure>
  </testcase> <!-- testCompletePurchase -->
  <testcase classname="testCases.TC06_AddAffiliate" name="testAddAffiliate" time="0.0">
    <ignored/>
  </testcase> <!-- testAddAffiliate -->
  <testcase classname="testCases.TC05_AddToWishList" name="testAddToWishList" time="0.0">
    <ignored/>
  </testcase> <!-- testAddToWishList -->
</testsuite> <!-- edgeTest -->
