<?xml version="1.0" encoding="UTF-8"?>
<!-- Generated by org.testng.reporters.JUnitXMLReporter -->
<testsuite ignored="0" hostname="Shawnas-MBP.lan" failures="0" tests="6" name="Test" time="73.512" errors="0" timestamp="2026-05-30T14:22:40 CDT">
  <testcase classname="testCases.TC01_LaunchApplication" name="testLaunchApplication" time="0.027"/>
  <testcase classname="testCases.TC03_AddToCart" name="testAddToCart" time="4.774"/>
  <testcase classname="testCases.TC05_AddToWishList" name="testAddToWishList" time="4.654"/>
  <testcase classname="testCases.TC06_AddAffiliate" name="testAddAffiliate" time="4.284"/>
  <testcase classname="testCases.TC02_Login" name="testLogin" time="2.157"/>
  <testcase classname="testCases.TC04_CompletePurchase" name="testCompletePurchase" time="28.849"/>
</testsuite> <!-- Test -->
