<?xml version="1.0" encoding="UTF-8"?>
<!-- Generated by org.testng.reporters.JUnitXMLReporter -->
<testsuite ignored="2" hostname="Shawnas-MBP.lan" failures="2" tests="8" name="firefoxTest" time="81.826" errors="0" timestamp="2026-06-04T14:18:50 CDT">
  <testcase classname="testCases.TC01_LaunchApplication" name="testLaunchApplication" time="0.163">
    <skipped/>
  </testcase> <!-- testLaunchApplication -->
  <testcase classname="testCases.TC01_LaunchApplication" name="testLaunchApplication" time="0.125">
    <skipped/>
  </testcase> <!-- testLaunchApplication -->
  <testcase classname="testCases.TC01_LaunchApplication" name="testLaunchApplication" time="0.1">
    <failure type="java.lang.AssertionError" message="Title mismatch! expected [Your store of fun] but found [Your Store]">
      <![CDATA[java.lang.AssertionError: Title mismatch! expected [Your store of fun] but found [Your Store]
at testCases.TC01_LaunchApplication.testLaunchApplication(TC01_LaunchApplication.java:33)
at java.base/java.util.ArrayList.forEach(ArrayList.java:1596)
at java.base/java.util.concurrent.FutureTask.run(FutureTask.java:317)
at java.base/java.util.concurrent.ThreadPoolExecutor.runWorker(ThreadPoolExecutor.java:1144)
at java.base/java.util.concurrent.ThreadPoolExecutor$Worker.run(ThreadPoolExecutor.java:642)
at java.base/java.lang.Thread.run(Thread.java:1583)
... Removed 20 stack frames]]>
    </failure>
  </testcase> <!-- testLaunchApplication -->
  <testcase classname="testCases.TC03_AddToCart" name="testAddToCart" time="4.292"/>
  <testcase classname="testCases.TC02_Login" name="testLogin" time="2.33"/>
  <testcase classname="testCases.TC04_CompletePurchase" name="testCompletePurchase" time="22.35">
    <skipped/>
  </testcase> <!-- testCompletePurchase -->
  <testcase classname="testCases.TC04_CompletePurchase" name="testCompletePurchase" time="14.44">
    <skipped/>
  </testcase> <!-- testCompletePurchase -->
  <testcase classname="testCases.TC04_CompletePurchase" name="testCompletePurchase" time="2.029">
    <failure type="java.lang.AssertionError" message="Test failed due to exception: Element &amp;lt;a href=&amp;quot;https://cloudberrystore.services/index.php?route=product/product&amp;amp;language=en-gb&amp;amp;product_id=47&amp;quot;&amp;gt; could not be scrolled into view
Build info: version: &amp;apos;4.38.0&amp;apos;, revision: &amp;apos;6b412e825c*&amp;apos;
System info: os.name: &amp;apos;Mac OS X&amp;apos;, os.arch: &amp;apos;x86_64&amp;apos;, os.version: &amp;apos;14.6.1&amp;apos;, java.version: &amp;apos;21.0.11&amp;apos;
Driver info: org.openqa.selenium.firefox.FirefoxDriver
Command: [9e629307-7ea8-41df-b715-a22254b331cf, clickElement {id=d64e0b24-add1-4c06-87f4-a5a303b3a74f}]
Capabilities {acceptInsecureCerts: true, browserName: firefox, browserVersion: 151.0.3, moz:accessibilityChecks: false, moz:buildID: 20260601110758, moz:geckodriverVersion: 0.37.0, moz:headless: false, moz:platformVersion: 23.6.0, moz:processID: 13973, moz:profile: /var/folders/cv/m4r0kzsj1vz..., moz:shutdownTimeout: 60000, moz:webdriverClick: true, moz:windowless: false, pageLoadStrategy: normal, platformName: mac, proxy: Proxy(), setWindowRect: true, strictFileInteractability: false, timeouts: {implicit: 0, pageLoad: 300000, script: 30000}, unhandledPromptBehavior: dismiss and notify, userAgent: Mozilla/5.0 (Macintosh; Int...}
Element: [[FirefoxDriver: firefox on mac (9e629307-7ea8-41df-b715-a22254b331cf)] -&amp;gt; xpath: //a[normalize-space()=&amp;apos;HP LP3065&amp;apos;]]
Session ID: 9e629307-7ea8-41df-b715-a22254b331cf">
      <![CDATA[java.lang.AssertionError: Test failed due to exception: Element <a href="https://cloudberrystore.services/index.php?route=product/product&language=en-gb&product_id=47"> could not be scrolled into view
Build info: version: '4.38.0', revision: '6b412e825c*'
System info: os.name: 'Mac OS X', os.arch: 'x86_64', os.version: '14.6.1', java.version: '21.0.11'
Driver info: org.openqa.selenium.firefox.FirefoxDriver
Command: [9e629307-7ea8-41df-b715-a22254b331cf, clickElement {id=d64e0b24-add1-4c06-87f4-a5a303b3a74f}]
Capabilities {acceptInsecureCerts: true, browserName: firefox, browserVersion: 151.0.3, moz:accessibilityChecks: false, moz:buildID: 20260601110758, moz:geckodriverVersion: 0.37.0, moz:headless: false, moz:platformVersion: 23.6.0, moz:processID: 13973, moz:profile: /var/folders/cv/m4r0kzsj1vz..., moz:shutdownTimeout: 60000, moz:webdriverClick: true, moz:windowless: false, pageLoadStrategy: normal, platformName: mac, proxy: Proxy(), setWindowRect: true, strictFileInteractability: false, timeouts: {implicit: 0, pageLoad: 300000, script: 30000}, unhandledPromptBehavior: dismiss and notify, userAgent: Mozilla/5.0 (Macintosh; Int...}
Element: [[FirefoxDriver: firefox on mac (9e629307-7ea8-41df-b715-a22254b331cf)] -> xpath: //a[normalize-space()='HP LP3065']]
Session ID: 9e629307-7ea8-41df-b715-a22254b331cf
at testCases.TC04_CompletePurchase.testCompletePurchase(TC04_CompletePurchase.java:100)
at java.base/java.util.ArrayList.forEach(ArrayList.java:1596)
at java.base/java.util.concurrent.FutureTask.run(FutureTask.java:317)
at java.base/java.util.concurrent.ThreadPoolExecutor.runWorker(ThreadPoolExecutor.java:1144)
at java.base/java.util.concurrent.ThreadPoolExecutor$Worker.run(ThreadPoolExecutor.java:642)
at java.base/java.lang.Thread.run(Thread.java:1583)
... Removed 16 stack frames]]>
    </failure>
  </testcase> <!-- testCompletePurchase -->
  <testcase classname="testCases.TC05_AddToWishList" name="testAddToWishList" time="0.0">
    <ignored/>
  </testcase> <!-- testAddToWishList -->
  <testcase classname="testCases.TC06_AddAffiliate" name="testAddAffiliate" time="0.0">
    <ignored/>
  </testcase> <!-- testAddAffiliate -->
</testsuite> <!-- firefoxTest -->
