<?xml version="1.0" encoding="UTF-8"?>
<!-- Generated by org.testng.reporters.JUnitReportReporter -->
<testsuite hostname="Shawnas-MBP.lan" failures="0" tests="3" name="testCases.TC02_Login" time="8.029" errors="0" timestamp="2026-06-05T14:03:34 CDT" skipped="0">
  <testcase classname="testCases.TC02_Login" name="testLogin" time="1.934"/>
  <testcase classname="testCases.TC02_Login" name="testLogin" time="3.094"/>
  <testcase classname="testCases.TC02_Login" name="testLogin" time="3.001"/>
</testsuite> <!-- testCases.TC02_Login -->
