<?xml version="1.0" encoding="UTF-8"?>
<!-- Generated by org.testng.reporters.JUnitReportReporter -->
<testsuite hostname="Shawnas-MBP.lan" failures="0" tests="3" name="testCases.TC03_AddToCart" time="14.058" errors="0" timestamp="2026-06-05T14:03:34 CDT" skipped="0">
  <testcase classname="testCases.TC03_AddToCart" name="testAddToCart" time="4.313"/>
  <testcase classname="testCases.TC03_AddToCart" name="testAddToCart" time="4.595"/>
  <testcase classname="testCases.TC03_AddToCart" name="testAddToCart" time="5.150"/>
</testsuite> <!-- testCases.TC03_AddToCart -->
