<?xml version="1.0" encoding="UTF-8"?>
<!-- Generated by org.testng.reporters.JUnitReportReporter -->
<testsuite hostname="Shawnas-MBP.lan" failures="2" tests="7" name="testCases.TC04_CompletePurchase" time="128.859" errors="0" timestamp="2026-06-05T14:03:34 CDT" skipped="4">
  <testcase classname="testCases.TC04_CompletePurchase" name="testCompletePurchase" time="30.011"/>
  <testcase classname="testCases.TC04_CompletePurchase" name="testCompletePurchase" time="21.694">
    <skipped/>
  </testcase> <!-- testCompletePurchase -->
  <testcase classname="testCases.TC04_CompletePurchase" name="testCompletePurchase" time="2.449">
    <failure message="Test failed due to exception: Element &lt;a href=&quot;https://cloudberrystore.services/index.php?route=product/product&amp;language=en-gb&amp;product_id=47&quot;&gt; could not be scrolled into view
Build info: version: &#039;4.38.0&#039;, revision: &#039;6b412e825c*&#039;
System info: os.name: &#039;Mac OS X&#039;, os.arch: &#039;x86_64&#039;, os.version: &#039;14.6.1&#039;, java.version: &#039;21.0.11&#039;
Driver info: org.openqa.selenium.firefox.FirefoxDriver
Command: [67dae574-9b4c-4ee2-9d6b-89dac1839b4e, clickElement {id=333a7d00-9e68-41f8-b6f5-b007eb2c1926}]
Capabilities {acceptInsecureCerts: true, browserName: firefox, browserVersion: 151.0.3, moz:accessibilityChecks: false, moz:buildID: 20260601110758, moz:geckodriverVersion: 0.37.0, moz:headless: false, moz:platformVersion: 23.6.0, moz:processID: 41441, moz:profile: /var/folders/cv/m4r0kzsj1vz..., moz:shutdownTimeout: 60000, moz:webdriverClick: true, moz:windowless: false, pageLoadStrategy: normal, platformName: mac, proxy: Proxy(), setWindowRect: true, strictFileInteractability: false, timeouts: {implicit: 0, pageLoad: 300000, script: 30000}, unhandledPromptBehavior: dismiss and notify, userAgent: Mozilla/5.0 (Macintosh; Int...}
Element: [[FirefoxDriver: firefox on mac (67dae574-9b4c-4ee2-9d6b-89dac1839b4e)] -&gt; xpath: //a[normalize-space()=&#039;HP LP3065&#039;]]
Session ID: 67dae574-9b4c-4ee2-9d6b-89dac1839b4e" type="java.lang.AssertionError">
      <![CDATA[java.lang.AssertionError: Test failed due to exception: Element <a href="https://cloudberrystore.services/index.php?route=product/product&language=en-gb&product_id=47"> could not be scrolled into view
Build info: version: '4.38.0', revision: '6b412e825c*'
System info: os.name: 'Mac OS X', os.arch: 'x86_64', os.version: '14.6.1', java.version: '21.0.11'
Driver info: org.openqa.selenium.firefox.FirefoxDriver
Command: [67dae574-9b4c-4ee2-9d6b-89dac1839b4e, clickElement {id=333a7d00-9e68-41f8-b6f5-b007eb2c1926}]
Capabilities {acceptInsecureCerts: true, browserName: firefox, browserVersion: 151.0.3, moz:accessibilityChecks: false, moz:buildID: 20260601110758, moz:geckodriverVersion: 0.37.0, moz:headless: false, moz:platformVersion: 23.6.0, moz:processID: 41441, moz:profile: /var/folders/cv/m4r0kzsj1vz..., moz:shutdownTimeout: 60000, moz:webdriverClick: true, moz:windowless: false, pageLoadStrategy: normal, platformName: mac, proxy: Proxy(), setWindowRect: true, strictFileInteractability: false, timeouts: {implicit: 0, pageLoad: 300000, script: 30000}, unhandledPromptBehavior: dismiss and notify, userAgent: Mozilla/5.0 (Macintosh; Int...}
Element: [[FirefoxDriver: firefox on mac (67dae574-9b4c-4ee2-9d6b-89dac1839b4e)] -> xpath: //a[normalize-space()='HP LP3065']]
Session ID: 67dae574-9b4c-4ee2-9d6b-89dac1839b4e
at org.testng.Assert.fail(Assert.java:111)
at testCases.TC04_CompletePurchase.testCompletePurchase(TC04_CompletePurchase.java:100)
at java.base/jdk.internal.reflect.DirectMethodHandleAccessor.invoke(DirectMethodHandleAccessor.java:103)
at java.base/java.lang.reflect.Method.invoke(Method.java:580)
at org.testng.internal.invokers.MethodInvocationHelper.invokeMethod(MethodInvocationHelper.java:141)
at org.testng.internal.invokers.TestInvoker.invokeMethod(TestInvoker.java:687)
at org.testng.internal.invokers.TestInvoker.retryFailed(TestInvoker.java:269)
at org.testng.internal.invokers.MethodRunner.runInSequence(MethodRunner.java:76)
at org.testng.internal.invokers.TestInvoker$MethodInvocationAgent.invoke(TestInvoker.java:995)
at org.testng.internal.invokers.TestInvoker.invokeTestMethods(TestInvoker.java:203)
at org.testng.internal.invokers.TestMethodWorker.invokeTestMethods(TestMethodWorker.java:154)
at org.testng.internal.invokers.TestMethodWorker.run(TestMethodWorker.java:134)
at java.base/java.util.ArrayList.forEach(ArrayList.java:1596)
at org.testng.TestRunner.privateRun(TestRunner.java:741)
at org.testng.TestRunner.run(TestRunner.java:616)
at org.testng.SuiteRunner.runTest(SuiteRunner.java:421)
at org.testng.SuiteRunner$SuiteWorker.run(SuiteRunner.java:463)
at org.testng.internal.thread.ThreadUtil.lambda$execute$0(ThreadUtil.java:64)
at java.base/java.util.concurrent.FutureTask.run(FutureTask.java:317)
at java.base/java.util.concurrent.ThreadPoolExecutor.runWorker(ThreadPoolExecutor.java:1144)
at java.base/java.util.concurrent.ThreadPoolExecutor$Worker.run(ThreadPoolExecutor.java:642)
at java.base/java.lang.Thread.run(Thread.java:1583)
]]>
    </failure>
  </testcase> <!-- testCompletePurchase -->
  <testcase classname="testCases.TC04_CompletePurchase" name="testCompletePurchase" time="33.161">
    <skipped/>
  </testcase> <!-- testCompletePurchase -->
  <testcase classname="testCases.TC04_CompletePurchase" name="testCompletePurchase" time="14.826">
    <skipped/>
  </testcase> <!-- testCompletePurchase -->
  <testcase classname="testCases.TC04_CompletePurchase" name="testCompletePurchase" time="14.627">
    <skipped/>
  </testcase> <!-- testCompletePurchase -->
  <testcase classname="testCases.TC04_CompletePurchase" name="testCompletePurchase" time="12.091">
    <failure message="Test failed due to exception: element not interactable
  (Session info: MicrosoftEdge=148.0.3967.96)
Build info: version: &#039;4.38.0&#039;, revision: &#039;6b412e825c*&#039;
System info: os.name: &#039;Mac OS X&#039;, os.arch: &#039;x86_64&#039;, os.version: &#039;14.6.1&#039;, java.version: &#039;21.0.11&#039;
Driver info: org.openqa.selenium.edge.EdgeDriver
Command: [f2ecde302df3438f12ad4074a62dc3a3, clickElement {id=f.A56FE5408BC4E3F001C37E11FAD37F8E.d.80BA7A86C5D1B2D4C6EBA558F41FE806.e.630}]
Capabilities {acceptInsecureCerts: false, browserName: MicrosoftEdge, browserVersion: 148.0.3967.96, fedcm:accounts: true, goog:processID: 41334, ms:edgeOptions: {debuggerAddress: localhost:59285}, msedge: {msedgedriverVersion: 148.0.3967.96 (9df8cc82dba1..., userDataDir: /var/folders/cv/m4r0kzsj1vz...}, networkConnectionEnabled: false, pageLoadStrategy: normal, platformName: mac, proxy: Proxy(), se:cdp: ws://localhost:59285/devtoo..., se:cdpVersion: 148.0.3967.96, setWindowRect: true, strictFileInteractability: false, timeouts: {implicit: 0, pageLoad: 300000, script: 30000}, unhandledPromptBehavior: dismiss and notify, webauthn:extension:credBlob: true, webauthn:extension:largeBlob: true, webauthn:extension:minPinLength: true, webauthn:extension:prf: true, webauthn:virtualAuthenticators: true}
Element: [[EdgeDriver: MicrosoftEdge on mac (f2ecde302df3438f12ad4074a62dc3a3)] -&gt; xpath: //a[normalize-space()=&#039;HP LP3065&#039;]]
Session ID: f2ecde302df3438f12ad4074a62dc3a3" type="java.lang.AssertionError">
      <![CDATA[java.lang.AssertionError: Test failed due to exception: element not interactable
  (Session info: MicrosoftEdge=148.0.3967.96)
Build info: version: '4.38.0', revision: '6b412e825c*'
System info: os.name: 'Mac OS X', os.arch: 'x86_64', os.version: '14.6.1', java.version: '21.0.11'
Driver info: org.openqa.selenium.edge.EdgeDriver
Command: [f2ecde302df3438f12ad4074a62dc3a3, clickElement {id=f.A56FE5408BC4E3F001C37E11FAD37F8E.d.80BA7A86C5D1B2D4C6EBA558F41FE806.e.630}]
Capabilities {acceptInsecureCerts: false, browserName: MicrosoftEdge, browserVersion: 148.0.3967.96, fedcm:accounts: true, goog:processID: 41334, ms:edgeOptions: {debuggerAddress: localhost:59285}, msedge: {msedgedriverVersion: 148.0.3967.96 (9df8cc82dba1..., userDataDir: /var/folders/cv/m4r0kzsj1vz...}, networkConnectionEnabled: false, pageLoadStrategy: normal, platformName: mac, proxy: Proxy(), se:cdp: ws://localhost:59285/devtoo..., se:cdpVersion: 148.0.3967.96, setWindowRect: true, strictFileInteractability: false, timeouts: {implicit: 0, pageLoad: 300000, script: 30000}, unhandledPromptBehavior: dismiss and notify, webauthn:extension:credBlob: true, webauthn:extension:largeBlob: true, webauthn:extension:minPinLength: true, webauthn:extension:prf: true, webauthn:virtualAuthenticators: true}
Element: [[EdgeDriver: MicrosoftEdge on mac (f2ecde302df3438f12ad4074a62dc3a3)] -> xpath: //a[normalize-space()='HP LP3065']]
Session ID: f2ecde302df3438f12ad4074a62dc3a3
at org.testng.Assert.fail(Assert.java:111)
at testCases.TC04_CompletePurchase.testCompletePurchase(TC04_CompletePurchase.java:100)
at java.base/jdk.internal.reflect.DirectMethodHandleAccessor.invoke(DirectMethodHandleAccessor.java:103)
at java.base/java.lang.reflect.Method.invoke(Method.java:580)
at org.testng.internal.invokers.MethodInvocationHelper.invokeMethod(MethodInvocationHelper.java:141)
at org.testng.internal.invokers.TestInvoker.invokeMethod(TestInvoker.java:687)
at org.testng.internal.invokers.TestInvoker.retryFailed(TestInvoker.java:269)
at org.testng.internal.invokers.MethodRunner.runInSequence(MethodRunner.java:76)
at org.testng.internal.invokers.TestInvoker$MethodInvocationAgent.invoke(TestInvoker.java:995)
at org.testng.internal.invokers.TestInvoker.invokeTestMethods(TestInvoker.java:203)
at org.testng.internal.invokers.TestMethodWorker.invokeTestMethods(TestMethodWorker.java:154)
at org.testng.internal.invokers.TestMethodWorker.run(TestMethodWorker.java:134)
at java.base/java.util.ArrayList.forEach(ArrayList.java:1596)
at org.testng.TestRunner.privateRun(TestRunner.java:741)
at org.testng.TestRunner.run(TestRunner.java:616)
at org.testng.SuiteRunner.runTest(SuiteRunner.java:421)
at org.testng.SuiteRunner$SuiteWorker.run(SuiteRunner.java:463)
at org.testng.internal.thread.ThreadUtil.lambda$execute$0(ThreadUtil.java:64)
at java.base/java.util.concurrent.FutureTask.run(FutureTask.java:317)
at java.base/java.util.concurrent.ThreadPoolExecutor.runWorker(ThreadPoolExecutor.java:1144)
at java.base/java.util.concurrent.ThreadPoolExecutor$Worker.run(ThreadPoolExecutor.java:642)
at java.base/java.lang.Thread.run(Thread.java:1583)
]]>
    </failure>
  </testcase> <!-- testCompletePurchase -->
</testsuite> <!-- testCases.TC04_CompletePurchase -->
