<?xml version="1.0" encoding="UTF-8"?>
<!-- Generated by org.testng.reporters.JUnitReportReporter -->
<testsuite hostname="Shawnas-MBP.lan" failures="0" tests="3" name="testCases.TC03_AddToCart" time="13.563" errors="0" timestamp="2026-06-04T14:18:51 CDT" skipped="0">
  <testcase classname="testCases.TC03_AddToCart" name="testAddToCart" time="4.292"/>
  <testcase classname="testCases.TC03_AddToCart" name="testAddToCart" time="4.554"/>
  <testcase classname="testCases.TC03_AddToCart" name="testAddToCart" time="4.717"/>
</testsuite> <!-- testCases.TC03_AddToCart -->
