<?xml version="1.0" encoding="UTF-8"?>
<!-- Generated by org.testng.reporters.JUnitReportReporter -->
<testsuite hostname="Shawnas-MBP.lan" failures="0" tests="3" name="testCases.TC02_Login" time="7.769" errors="0" timestamp="2026-06-04T14:18:51 CDT" skipped="0">
  <testcase classname="testCases.TC02_Login" name="testLogin" time="2.922"/>
  <testcase classname="testCases.TC02_Login" name="testLogin" time="2.517"/>
  <testcase classname="testCases.TC02_Login" name="testLogin" time="2.330"/>
</testsuite> <!-- testCases.TC02_Login -->
